<?xml version="1.0" encoding="UTF-8"?>
<!-- Generated by org.testng.reporters.JUnitReportReporter -->
<testsuite skipped="0" hostname="G4XCQHG3E" name="com.spotify.oauth2.test.PlaylistTests" tests="1" failures="0" timestamp="16 Aug 2022 02:17:59 GMT" time="3.206" errors="0">
  <testcase name="getSinglePlaylist" time="3.206" classname="com.spotify.oauth2.test.PlaylistTests"/>
</testsuite> <!-- com.spotify.oauth2.test.PlaylistTests -->
