<?xml version="1.0" encoding="UTF-8"?>
<!-- Generated by org.testng.reporters.JUnitReportReporter -->
<testsuite skipped="0" hostname="G4XCQHG3E" name="spotify.oauth2.test.PlaylistTests" tests="1" failures="0" timestamp="13 Aug 2022 15:40:38 GMT" time="1.849" errors="0">
  <testcase name="getSingleUserAllPlaylist" time="1.849" classname="spotify.oauth2.test.PlaylistTests"/>
</testsuite> <!-- spotify.oauth2.test.PlaylistTests -->
